<?xml version="1.0" encoding="UTF-8"?>
<!-- Generated by org.testng.reporters.JUnitXMLReporter -->
<testsuite hostname="DMS" name="Default test" tests="3" failures="0" timestamp="10 Jun 2018 02:28:14 GMT" time="0.049" errors="0">
  <testcase name="functionality1Test1" time="0.006" classname="com.extent.Functionality1"/>
  <testcase name="functionality1Test2" time="0.001" classname="com.extent.Functionality1"/>
  <testcase name="functionality1Test3" time="0.001" classname="com.extent.Functionality1"/>
</testsuite> <!-- Default test -->
